<?xml version="1.0" encoding="UTF-8"?>
<testsuite xmlns:xsi="http://www.w3.org/2001/XMLSchema-instance" xsi:noNamespaceSchemaLocation="https://maven.apache.org/surefire/maven-surefire-plugin/xsd/surefire-test-report.xsd" version="3.0.2" name="com.operations.Matrix.RegressionTest13" time="0.023" tests="94" errors="0" skipped="0" failures="0">
  <properties>
[...]
</properties>
  <testcase name="test6501" classname="com.operations.Matrix.RegressionTest13" time="0.0"/>
  <testcase name="test6502" classname="com.operations.Matrix.RegressionTest13" time="0.001">
    <system-out><![CDATA[[10.0, 97.0]
[10.0, 97.0]
]]></system-out>
  </testcase>
  <testcase name="test6503" classname="com.operations.Matrix.RegressionTest13" time="0.0"/>
  <testcase name="test6504" classname="com.operations.Matrix.RegressionTest13" time="0.0">
    <system-out><![CDATA[[10.0, 97.0]
[10.0, 97.0]
]]></system-out>
  </testcase>
  <testcase name="test6505" classname="com.operations.Matrix.RegressionTest13" time="0.0"/>
  <testcase name="test6506" classname="com.operations.Matrix.RegressionTest13" time="0.01"/>
  <testcase name="test6507" classname="com.operations.Matrix.RegressionTest13" time="0.0">
    <system-out><![CDATA[[52.487093820517295, 84.36513298135341, 58.56786735224296, 64.2215946673538, 61.15955694318188, 78.34080403401776, 74.96270299185329, 35.98529988701242, 42.85313633828879, 38.818803333662565, 82.12799220769348, 91.62168519320451, 90.47089225297631, 98.48952203854718, 64.46191578209974, 37.308354056004745, 93.20810539368684, 59.365486374738644, 73.29824729308099, 49.539701067129386, 35.6030189285391, 68.32986494304072, 51.49430865404852, 52.3451154373254, 46.87569035839392, 45.47212724694381, 65.7645367506837, 41.54322424525292, 91.293910361852, 94.60094411538053, 36.392667890390385, 53.04678725272483, 53.52298409971916, 90.6906749554612, 69.90774180254252, 99.70843585811247, 95.35260953280688, 77.3526850635418, 77.97997252017602, 44.14182416194788, 36.84944572463867, 43.72651778608751, 60.18222819385857, 88.36578100562687, 85.85792320637042, 44.458334142251104, 99.37122267543667, 55.00095454805934, 49.864657198905824, 53.67531717053019, 86.26970062955675, 49.09898816513334, 38.55333946762412, 99.07463691826159, 74.37676906947348, 44.50359960497527, 48.90724069705408, 35.42432292462209, 42.59821361120387, 88.93105053389924, 37.465520316509995, 52.92082281737353, 55.97197951875816, 47.71429788039868, 71.30725971107353, 69.96428063141036, 44.566214671035056, 67.38073473662723, 35.523706273335904, 36.99745585387296, 77.04810530835732, 96.9277185022516, 95.34446447784296, 98.10801167309367, 68.56143764316849, 36.82324213800656, 35.707385201158644, 50.11626330399316, 67.40917218420506, 83.39085479173117, 79.9047178288678, 44.861767482297736, 96.61450501869109, 99.3385954551451, 76.99955696893372, 94.36203941422771, 44.729751507820126, 99.76100134687947, 79.98694410375927, 65.44544384382814, 40.27707688049274, 81.98134830553376, 43.17295633159237, 60.35770162167037, 40.93845136971217, 97.10810968980832, 57.96294643247218, 67.70775536452734, 67.06439626306457, 66.15522670695829]
[76.18655160659026, 68.95360073580011, 54.24196915272875, 79.02009311419062, 99.2424355120244, 54.4324690181437, 51.55206407454919, 60.526263843429845, 84.7196878188292, 74.71219306901415, 40.75455648020593, 89.11970924201356, 99.74562050988064, 82.78177121558934, 41.966897784847966, 80.6580627807992, 72.12120884356706, 55.309143518048856, 73.44773174443331, 77.05158753619072, 56.3356931125301, 51.872883288990124, 41.86171040708769, 62.30274408753663, 66.80089380336312, 79.72196709930355, 64.88508872885771, 36.74800267362764, 60.113555835728185, 98.23401097852238, 55.21386155481277, 59.03119706284671, 46.84056210447161, 51.82730748175917, 58.95704475242786, 79.5319973469179, 51.227143533578406, 87.63571714318954, 92.03741371219115, 53.63621525769944, 39.35219641307499, 79.77792951037927, 65.58036958518827, 88.36643360631648, 92.59766839855189, 55.54381345457601, 75.34874792103888, 61.492112229423185, 38.86039776088721, 65.28054024518076, 86.07734485926531, 78.30757098300202, 83.71514852823837, 52.189876276226634, 94.07547347481474, 82.80442000838895, 87.73656324497654, 80.64551018169664, 50.69939280291475, 96.97177810967594, 94.40554308661027, 42.00545972616534, 65.24848049622472, 94.43324926736074, 65.46208452984274, 95.22961353660786, 88.51001191458063, 42.573944600807074, 77.221866242787, 35.916121295244025, 62.56698500150747, 60.72391512490489, 82.24793872937649, 66.64285490567693, 38.59188310330916, 85.8462207329424, 40.86158693358596, 98.74133253454738, 82.17639062936624, 56.52842355492812, 81.28800813546678, 95.84049488201958, 85.29296308809481, 90.8956453916521, 60.76269970861605, 52.69639260598334, 80.2488384305663, 59.351402477940134, 97.67346986075712, 68.97136373479574, 93.9764348782429, 53.80927965548687, 71.78077418848801, 46.74241188212002, 60.706260663271806, 56.3040826761532, 70.74559428375495, 77.6035491005302, 82.48933939164202, 51.565434087916934]
[86.59934563337384, 90.2804829051107, 40.175806600127366, 55.29991115515099, 40.414321936771145, 97.69856858009236, 87.31474592583695, 62.55957175462566, 37.27599144264523, 78.43611509223513, 91.01746161932292, 93.67540645282887, 46.71991849758779, 56.45509527489962, 72.1222928031116, 68.803497798651, 46.076427509846766, 64.93004226500679, 62.013725164208566, 61.16982447399362, 75.66509641255266, 99.89335926256679, 55.181952514458544, 53.6064209807618, 95.49897458089912, 67.2814798736625, 55.061177076589814, 47.94725742709367, 53.09491976206938, 77.80129449842937, 95.8558628536869, 77.29647622461408, 66.14173870983032, 37.83994147827153, 54.95377512674587, 92.09474267435921, 67.15183779457311, 41.413544941696216, 89.13305657359723, 77.29131439844687, 54.814841915585944, 97.89169571686996, 83.0977360068252, 69.7799706559695, 73.58320490441835, 87.94439793979615, 80.92195091127236, 62.57634110854671, 89.05006117856068, 75.83696702611776, 84.74784212637341, 65.00220308395622, 76.92862327830177, 79.84577174544293, 45.56543387300228, 56.39920153477354, 92.91020655323717, 39.1839705463503, 43.1050153380295, 44.61998233356832, 74.36444322412311, 75.41132084139349, 65.7933800529157, 99.73911390774968, 97.75058733410742, 48.85586849502691, 82.36499073067857, 53.08922434058581, 72.7327753255529, 81.09777384023047, 84.07745854308641, 91.85962977078276, 90.33490818988055, 78.05675345336833, 45.55796212822463, 45.09530741101062, 83.0323596062531, 59.684577804186404, 68.1030584448711, 73.00342992186499, 44.457940813138244, 46.69274439732184, 96.76901354404973, 83.01271583576818, 45.39863083409934, 72.14297004808122, 51.82319792926067, 43.03773660025843, 80.97731445330473, 36.09428881045297, 46.0791961221295, 49.875869604069685, 76.35031691645897, 89.83554303749878, 82.30923024880849, 83.6089464544188, 99.90677427010696, 82.53577075424681, 84.31709048212171, 92.29471315241294]
[48.82993518412417, 37.41741133808076, 86.36322088180917, 40.11507308865923, 96.9732310195943, 36.798516780554436, 73.46070189220424, 66.49865521556512, 99.31549881627957, 90.56007383246467, 44.606821318484585, 83.55459064953735, 85.78998055144564, 90.77328164302152, 47.279524796964914, 79.44246806951016, 65.030812248448, 66.36906127352242, 64.51148509687431, 76.06027838798518, 90.54839774241145, 85.8483294223335, 75.5566255769831, 40.657727094086056, 63.03167411153416, 43.116464811865086, 57.58488017116368, 67.67665620530235, 72.8804838289064, 56.57918282064744, 98.9805873317211, 89.28338199522413, 51.69533603378285, 39.659430239104985, 74.67832723865148, 75.68959901183798, 95.29458096506693, 91.88615188145542, 65.54715926662513, 39.4590759675203, 98.89057217535161, 78.66574409496835, 62.13011568665135, 76.56673976227943, 97.33662764212437, 49.77571828026358, 98.06044914888854, 66.01477265834733, 74.8556899086678, 56.51754552953717, 60.209543735600164, 84.31723979490643, 74.37926443681869, 35.33188402089321, 81.07351933142327, 91.14031641570546, 71.56183506140748, 61.51432929602023, 94.07651652102106, 42.82952616868585, 67.69116420899067, 65.47357182140561, 54.358205922270834, 61.46849778821352, 39.088927462430675, 75.74626940674231, 96.2215617663832, 88.49558285845731, 73.18891994617692, 57.72417101153757, 53.744022083286005, 38.755228935065304, 38.29157681749625, 59.75900606622798, 53.10107983943503, 98.18040954642947, 90.02382321088803, 93.98932155281435, 38.91599360830151, 51.09041689584868, 87.78231998225638, 37.880958829922655, 97.43271157415263, 86.34521792016619, 58.90589302421968, 49.08903339324069, 76.51124563157353, 90.32313792518897, 62.00952433218859, 45.834268406545235, 56.36562370080885, 73.88296807666451, 73.81748959434023, 62.54023037772318, 85.60421234681529, 40.13469260922255, 80.95730071840387, 46.00047315422385, 94.49058993913945, 49.97484738998198]
[64.51886158488657, 65.83582415901566, 61.42029585193493, 82.9431444845745, 60.744765381824, 94.46199120970554, 44.404695201513675, 47.02627264906728, 80.99796375325057, 71.21638650596836, 51.86782517541206, 37.57294173264342, 68.15200545328437, 52.69052253368364, 71.29550948238195, 72.49101540181273, 84.76689898095304, 51.68054724682079, 55.22815661234893, 93.37319609689075, 50.85007917916393, 70.50345101300007, 36.75957486240353, 80.14204632490261, 85.65732007322416, 45.73017994857817, 56.09376109896574, 60.21823167170667, 98.86240211008452, 60.659353638450554, 45.82005268781488, 82.0976854797072, 81.5171332427939, 64.09650111734858, 75.39414023786364, 87.5739975663471, 36.53486249947443, 74.21369157178509, 94.85837193200257, 96.66166250668746, 86.96086141653538, 74.44313291348693, 94.09941331281074, 69.56391302232979, 53.04201182237343, 89.50579447922068, 36.92471756695008, 65.7856673228202, 66.07598942416695, 63.79228277082409, 83.94142804399276, 71.71777530936438, 98.20665767977893, 51.39822698940357, 89.6422159330176, 54.71299585879617, 87.73765937769856, 97.17006521515248, 37.2422224095637, 68.83729849391659, 44.1602355090377, 71.13962686018976, 79.66964770183273, 55.11188060196787, 95.93403684796537, 79.71712556698729, 66.68970432878253, 62.161878052476496, 62.121265541210285, 95.97210419646852, 86.43753912501055, 61.757100311757206, 36.254704039740254, 83.26060680527, 44.65036345680237, 67.76819252524007, 62.319265130171935, 96.354315033497, 61.62246942779689, 36.56846303208928, 88.44442527044295, 67.09358392402811, 55.35889011928984, 36.88721732647633, 83.84145437308005, 47.42128361505088, 79.57445230466969, 72.56475144039733, 88.67462400386685, 81.4580550031442, 57.074519995530494, 77.57225561154875, 59.92958688824077, 70.05206876221251, 62.662213394496554, 79.04173095350583, 68.93491141677573, 75.97756150646019, 60.04396359670274, 95.90156858117946]
[98.0042654629528, 40.666387889408696, 84.25122411372216, 48.03281398852625, 54.697020762711595, 44.035573035704964, 94.86075416089608, 38.649216418665354, 57.4440807331019, 42.62125774193897, 60.77933358098122, 60.86096869187915, 40.75348508942709, 47.84568144907008, 74.56087349584378, 83.10768981919617, 51.89690790840925, 90.82878429882823, 98.14483431293552, 87.34046795601577, 73.88339271848633, 42.70973715148318, 92.54447050372404, 38.49592732548798, 41.65072052947998, 79.96616236810797, 76.37181843765089, 68.93707720699517, 94.74758758499996, 52.71000297553141, 57.16355371194792, 67.13631441037774, 45.34125191196545, 45.39900424259113, 95.2676450923928, 45.94526661244786, 85.16563867599534, 63.831420201352806, 82.56547109142488, 72.33426291060644, 79.0238579368204, 94.68907489331521, 72.53739948225544, 72.49105248882223, 75.67692193528873, 89.26008392739654, 49.13202991324781, 88.64395948812042, 84.38691329483179, 66.30752546431802, 84.57014441070578, 36.91904629312891, 72.0381761635164, 65.35402476180843, 45.60411205832146, 93.95386767877399, 91.63410307729197, 60.92474080465198, 98.86184814847164, 73.87232033666888, 73.05985739396925, 65.53237806484742, 73.73161089505048, 51.57560077773954, 66.3129287452241, 49.397871008352894, 70.78979574759589, 93.12367683885206, 75.93364213427043, 68.07905659931107, 45.03854368674801, 64.26973414001282, 43.11680150765056, 60.327145748198404, 61.20336815137354, 53.966905728493074, 78.95342865321487, 57.60698699500315, 43.04318356252713, 50.89217075530533, 93.43803293984492, 93.80208060127885, 80.04598022549837, 62.72665316369559, 75.28217943849405, 53.679044771443046, 93.02305000041638, 95.09463787717891, 47.199104104949996, 61.708643642088354, 59.973084822659736, 69.69544985613186, 80.16693027452621, 98.83174590341144, 95.1646013721737, 64.26292130139787, 43.23952058846399, 38.71850457692749, 87.68102674160002, 95.55654005805052]
[87.75433860766682, 91.99780497485747, 40.687482542884666, 70.62641652621733, 41.28562841323636, 51.831430336736, 94.41162899419868, 81.10107046786167, 97.40909616373209, 52.07366197594563, 94.28315703047491, 80.22261355962556, 52.280708414517974, 50.09195085500997, 75.84734318607954, 62.79824843392952, 73.18755184928473, 80.12804371858391, 44.95778495111385, 79.15007862476347, 97.60271387266494, 94.85136136936067, 75.36180332269855, 60.527064065426295, 73.8688907259873, 52.49769146676308, 81.11916317987121, 45.29355679285528, 61.44698593311122, 79.69617480332698, 58.34063567078138, 87.5281609312032, 59.69621654233572, 35.76630961843078, 84.49761268270218, 62.45476799634044, 39.4012781953556, 92.91411139137132, 49.0373576913274, 91.38445625127277, 35.729873442035824, 58.3728597709144, 81.240612499052, 52.57249865859278, 79.99046616503587, 49.118712467845405, 40.17922303263932, 73.58910543190063, 70.46536062907596, 67.34528357959272, 52.271050318236085, 80.465577374412, 84.718252126463, 60.403681564351174, 79.28784705245789, 99.00939296167955, 37.11816931301803, 37.40573079734422, 83.74893997909872, 89.28234414198992, 95.88322514819293, 76.14805281205203, 74.4294509704394, 85.30516437538078, 78.72790879032894, 53.443422880383025, 67.22641336298845, 53.59018366188999, 80.19662600631543, 99.34324669175112, 80.85959059875842, 91.1103721014888, 51.98403112947744, 41.10121062936352, 92.83588204831275, 90.78873365660588, 54.979137510730816, 61.0631630099288, 58.777185959124886, 50.53633585586992, 88.4255421399912, 38.97193833271854, 62.60115440376179, 55.280352770582134, 87.46407568634417, 43.448343539154955, 91.15271821828628, 95.30532478191013, 40.41699308027922, 69.65070629696638, 89.71141559565744, 73.58145173994615, 71.48430084158485, 95.32535081105411, 84.34542042034614, 54.57302955229454, 48.053148048730414, 80.63911759512543, 48.347851827927826, 82.30826900182096]
[79.57019249747748, 38.33241535603635, 37.9743173093517, 86.2485408342305, 91.8946210286057, 84.84761593089188, 67.4028093400924, 54.72069201102906, 57.23606096561158, 35.17247414787272, 69.25795767055283, 87.37041444048033, 85.18686832976758, 94.19199705970509, 40.18130580333844, 50.25771947840096, 79.98229741520254, 75.3646811203047, 75.78766687938392, 64.84742746081236, 92.96485315928808, 73.5301808085587, 40.92475122422003, 50.248153691305646, 37.29063279615252, 92.6154849093654, 74.44919553384963, 56.62260618052383, 54.19573561670063, 60.93537214301733, 77.74671585185752, 46.73011667775329, 61.639855402790175, 71.68036776437097, 92.9575671606908, 62.06912862778117, 56.86193632463974, 64.05165522168821, 65.32058427952245, 55.062990513305145, 79.31930078353204, 71.33733545409474, 99.22000813532834, 99.17669950650202, 54.636908103412196, 41.02815518234806, 39.408957935160316, 94.76536633067423, 93.56748557409314, 73.84327099830435, 47.491771038852505, 99.83697275212364, 42.555960510229596, 63.27784404725321, 99.07462335878807, 36.762601846963896, 64.313225595315, 74.99421057247142, 39.03971570483345, 53.28664222850543, 67.83449635032053, 91.05707754734712, 66.16295572563499, 43.97757826416843, 52.54655797445067, 97.66067233448051, 58.77849162649936, 76.51676950756976, 85.73597543910017, 76.61197460589813, 70.39557743440209, 40.94826071647245, 46.09684782685721, 55.41911056549094, 98.09414578117544, 74.20695811131107, 44.14198360983734, 53.387724828418435, 67.16514170379682, 76.90562551557227, 37.34538811831737, 91.65058858362268, 92.82002617835582, 64.49295817069691, 44.22671304452983, 48.5469071664206, 48.871055669553, 50.49559856343812, 62.149868886351186, 53.22777817562481, 64.07979889256092, 85.6263065225016, 83.38824015531975, 94.79293367483905, 94.38601631510663, 43.07853961076389, 88.00802492502683, 56.66136883515499, 53.462450340215725, 77.33458377715723]
[40.33889886126785, 81.24469717208325, 99.99317518100126, 86.28992108911297, 78.23784247022144, 58.3269737284559, 77.74409304598919, 49.44088998864875, 91.00713500353096, 76.85851783532837, 58.883799859028066, 58.29575314507767, 87.70163253697763, 94.14364521760905, 52.12142970775924, 54.05113256673107, 37.65315378810606, 53.64349708156204, 50.05525644906581, 61.926373094333314, 99.35134999304351, 42.82508056641142, 69.67172044146945, 46.367709175273305, 47.350729049113994, 65.6663461625917, 56.19917468888553, 61.62218821406019, 74.62246650452953, 90.5746098346824, 43.504100750725534, 92.93820201853181, 79.73749348610271, 38.59180799457411, 38.91961848202175, 74.8749528014588, 89.45377595348215, 68.84506934757039, 41.81707815232712, 69.8976502776616, 77.6860791526306, 63.254757568917654, 98.37112692398921, 52.598192146930685, 86.46044288474663, 45.534646449925674, 94.8270680783517, 57.51301661498023, 53.29842589674658, 55.51006314353833, 73.156457753414, 61.61035483393798, 57.53767016047977, 48.73979651087064, 56.282807156028795, 86.08842952121347, 95.37562557776441, 98.35632600859897, 65.07387556683432, 66.16429681264697, 89.92229783254872, 35.9363106243175, 86.03047978734666, 82.03979272456239, 48.265631867141295, 36.07956601279255, 42.053836579537005, 84.20667430077914, 82.48970795831298, 35.20965385778648, 93.84441889115308, 66.69737200979756, 90.74117391630611, 58.912967254284716, 36.37490306971833, 47.80085525451566, 92.81334882288903, 43.90563651377939, 43.48820268534832, 59.14493274757384, 47.31024486370526, 35.45876807244761, 98.99874655265083, 45.89694050722314, 49.264246997654304, 98.82254745752851, 74.7210166048233, 93.15403702930794, 58.111469079481964, 78.86838892012725, 64.61406749497968, 51.38248640020024, 81.17784055388712, 70.81580471105957, 99.7140930312741, 92.02208387785514, 82.29673122725042, 71.52689145404321, 75.72928335151455, 38.0975078960196]
[38.865472319747134, 85.43624607164816, 74.09211100631452, 43.87269125928466, 48.55337539997033, 81.73787840455893, 67.9038267789847, 77.24739225739603, 73.99789538671475, 49.973144496160515, 46.56435455967373, 58.72701934748525, 45.168351113642636, 79.65489317799137, 41.95790241910887, 51.39727661490509, 39.638134112283915, 66.02304146780581, 49.860526836820476, 67.40461584825448, 55.78662652302544, 73.45545151422215, 72.75053684113203, 37.98150449356343, 67.95104168640853, 45.45548357107883, 74.43599977057907, 76.0623833188908, 95.76622191299174, 80.50377335424635, 92.86577439477003, 58.011764503231745, 52.36689121275628, 81.39677728436808, 90.1614105254231, 53.93027011431485, 92.78219884264773, 46.99832060459487, 58.29685792230362, 79.4174715383375, 99.72635638519021, 54.60283704596616, 64.9613926919034, 75.55226116563965, 74.08197397732894, 73.35023074621519, 46.968234973569935, 43.20202517058115, 36.68422694342326, 59.34221593570676, 43.11732101261827, 87.59128523513606, 36.544253758286004, 51.288732118948964, 84.68524735981418, 54.348502190108995, 68.39918157241206, 96.66044681532902, 69.69889684448876, 84.0066075891974, 94.44399817248383, 77.43965746501705, 61.85132386577724, 83.1584039344718, 56.28698425380821, 66.64673919960947, 56.339422628619594, 92.16231746893315, 53.575686042227524, 66.87312364400395, 88.04254800032615, 66.45704199667797, 65.36444562125484, 35.0741621228004, 57.31961339688181, 71.1755088415477, 79.13729058132586, 93.86648393270974, 55.2794201207155, 46.84914275577833, 70.46147319481376, 83.53440040544886, 43.67477276212408, 67.56272845912952, 78.52726136760506, 45.87864745818719, 89.58567176644233, 36.95829936005057, 74.3285806192871, 75.93815792446921, 66.79020708839954, 46.99329890947335, 83.95688612547909, 85.48185619583674, 44.173974299306174, 59.33382109609339, 54.41718220315791, 48.00232677024666, 61.69969027519527, 39.70811925853752]
]]></system-out>
  </testcase>
  <testcase name="test6508" classname="com.operations.Matrix.RegressionTest13" time="0.0"/>
  <testcase name="test6509" classname="com.operations.Matrix.RegressionTest13" time="0.0">
    <system-out><![CDATA[[10.0, 97.0]
[10.0, 97.0]
]]></system-out>
  </testcase>
  <testcase name="test6510" classname="com.operations.Matrix.RegressionTest13" time="0.0"/>
  <testcase name="test6511" classname="com.operations.Matrix.RegressionTest13" time="0.0"/>
  <testcase name="test6512" classname="com.operations.Matrix.RegressionTest13" time="0.0"/>
  <testcase name="test6513" classname="com.operations.Matrix.RegressionTest13" time="0.0">
    <system-out><![CDATA[[0.0, 0.0]
[0.0, 10.0]
[0.0, 0.0]
[0.0, 10.0]
]]></system-out>
  </testcase>
  <testcase name="test6514" classname="com.operations.Matrix.RegressionTest13" time="0.0">
    <system-out><![CDATA[[0.9998476951563913, -0.01745240643728351]
[0.01745240643728351, 0.9998476951563913]
[0.0, 0.0]
[0.0, 10.0]
[0.0, 0.0]
[0.0, 10.0]
[0.0, 0.0]
[0.0, 10.0]
]]></system-out>
  </testcase>
  <testcase name="test6515" classname="com.operations.Matrix.RegressionTest13" time="0.0"/>
  <testcase name="test6516" classname="com.operations.Matrix.RegressionTest13" time="0.0">
    <system-out><![CDATA[[-0.1736481776669303, -0.984807753012208]
[0.984807753012208, -0.1736481776669303]
[0.6156614753256583, -0.788010753606722]
[0.788010753606722, 0.6156614753256583]
[-0.1736481776669303, -0.984807753012208]
[0.984807753012208, -0.1736481776669303]
]]></system-out>
  </testcase>
  <testcase name="test6517" classname="com.operations.Matrix.RegressionTest13" time="0.0">
    <system-out><![CDATA[[0.0, 0.0]
[0.0, 10.0]
]]></system-out>
  </testcase>
  <testcase name="test6518" classname="com.operations.Matrix.RegressionTest13" time="0.0">
    <system-out><![CDATA[[10.0, 97.0]
[10.0, 97.0]
]]></system-out>
  </testcase>
  <testcase name="test6519" classname="com.operations.Matrix.RegressionTest13" time="0.0"/>
  <testcase name="test6520" classname="com.operations.Matrix.RegressionTest13" time="0.0"/>
  <testcase name="test6521" classname="com.operations.Matrix.RegressionTest13" time="0.0"/>
  <testcase name="test6522" classname="com.operations.Matrix.RegressionTest13" time="0.0"/>
  <testcase name="test6523" classname="com.operations.Matrix.RegressionTest13" time="0.0"/>
  <testcase name="test6524" classname="com.operations.Matrix.RegressionTest13" time="0.001">
    <system-out><![CDATA[[-0.1736481776669303, -0.984807753012208]
[0.984807753012208, -0.1736481776669303]
[-0.1736481776669303, -0.984807753012208]
[0.984807753012208, -0.1736481776669303]
[0.0, 0.0]
[0.0, 10.0]
]]></system-out>
  </testcase>
  <testcase name="test6525" classname="com.operations.Matrix.RegressionTest13" time="0.001">
    <system-out><![CDATA[[10.0, 97.0]
[10.0, 97.0]
[276.5934471125869, 0.0]
[6.82845513937657, 276.5091448506413]
]]></system-out>
  </testcase>
  <testcase name="test6526" classname="com.operations.Matrix.RegressionTest13" time="0.0"/>
  <testcase name="test6527" classname="com.operations.Matrix.RegressionTest13" time="0.0"/>
  <testcase name="test6528" classname="com.operations.Matrix.RegressionTest13" time="0.0"/>
  <testcase name="test6529" classname="com.operations.Matrix.RegressionTest13" time="0.001"/>
  <testcase name="test6530" classname="com.operations.Matrix.RegressionTest13" time="0.0">
    <system-out><![CDATA[[-0.1736481776669303, -0.984807753012208]
[0.984807753012208, -0.1736481776669303]
[0.0, 0.0]
[0.0, 10.0]
[10.0, 97.0]
[10.0, 97.0]
]]></system-out>
  </testcase>
  <testcase name="test6531" classname="com.operations.Matrix.RegressionTest13" time="0.0">
    <system-out><![CDATA[[0.0, 0.0]
[0.0, 10.0]
]]></system-out>
  </testcase>
  <testcase name="test6532" classname="com.operations.Matrix.RegressionTest13" time="0.0"/>
  <testcase name="test6533" classname="com.operations.Matrix.RegressionTest13" time="0.0">
    <system-out><![CDATA[[0.0]
[0.0]
[0.0]
[0.0]
[0.0]
[0.0]
[0.0]
[0.0]
[0.0]
[0.0]
[0.0]
[0.0]
[0.0]
[0.0]
[0.0]
[0.0]
[0.0]
[0.0]
[0.0]
[0.0]
[0.0]
[0.0]
[0.0]
[0.0]
[0.0]
[0.0]
[0.0]
[0.0]
[0.0]
[0.0]
[0.0]
[0.0]
[0.0]
[0.0]
[0.0]
[0.0]
[0.0]
[0.0]
[0.0]
[0.0]
[0.0]
[0.0]
[0.0]
[0.0]
[0.0]
[0.0]
[0.0]
[0.0]
[0.0]
[0.0]
[0.0]
[0.0]
]]></system-out>
  </testcase>
  <testcase name="test6534" classname="com.operations.Matrix.RegressionTest13" time="0.0"/>
  <testcase name="test6535" classname="com.operations.Matrix.RegressionTest13" time="0.001">
    <system-out><![CDATA[[-0.1736481776669303, -0.984807753012208]
[0.984807753012208, -0.1736481776669303]
]]></system-out>
  </testcase>
  <testcase name="test6536" classname="com.operations.Matrix.RegressionTest13" time="0.0"/>
  <testcase name="test6537" classname="com.operations.Matrix.RegressionTest13" time="0.0">
    <system-out><![CDATA[[10.0, 97.0]
[10.0, 97.0]
]]></system-out>
  </testcase>
  <testcase name="test6538" classname="com.operations.Matrix.RegressionTest13" time="0.0"/>
  <testcase name="test6539" classname="com.operations.Matrix.RegressionTest13" time="0.0">
    <system-out><![CDATA[[-0.1736481776669303, -0.984807753012208]
[0.984807753012208, -0.1736481776669303]
]]></system-out>
  </testcase>
  <testcase name="test6540" classname="com.operations.Matrix.RegressionTest13" time="0.0">
    <system-out><![CDATA[[0.0, 0.0]
[0.0, 10.0]
[0.0, 0.0]
[0.0, 10.0]
]]></system-out>
  </testcase>
  <testcase name="test6541" classname="com.operations.Matrix.RegressionTest13" time="0.0">
    <system-out><![CDATA[[-101.67617439745521, -993.4976487939367]
[-113.66306122678634, -1001.890957311501]
]]></system-out>
  </testcase>
  <testcase name="test6542" classname="com.operations.Matrix.RegressionTest13" time="0.001">
    <system-out><![CDATA[[10.0, 0.0]
[0.0, 35.0]
]]></system-out>
  </testcase>
  <testcase name="test6543" classname="com.operations.Matrix.RegressionTest13" time="0.0">
    <system-out><![CDATA[[20.0, 194.0]
[20.0, 194.0]
]]></system-out>
  </testcase>
  <testcase name="test6544" classname="com.operations.Matrix.RegressionTest13" time="0.0"/>
  <testcase name="test6545" classname="com.operations.Matrix.RegressionTest13" time="0.0"/>
  <testcase name="test6546" classname="com.operations.Matrix.RegressionTest13" time="0.0"/>
  <testcase name="test6547" classname="com.operations.Matrix.RegressionTest13" time="0.0"/>
  <testcase name="test6548" classname="com.operations.Matrix.RegressionTest13" time="0.0">
    <system-out><![CDATA[[-0.1736481776669303, -0.984807753012208]
[0.984807753012208, -0.1736481776669303]
]]></system-out>
  </testcase>
  <testcase name="test6549" classname="com.operations.Matrix.RegressionTest13" time="0.0"/>
  <testcase name="test6550" classname="com.operations.Matrix.RegressionTest13" time="0.0"/>
  <testcase name="test6551" classname="com.operations.Matrix.RegressionTest13" time="0.001">
    <system-out><![CDATA[[0.9998476951563913, -0.01745240643728351]
[0.01745240643728351, 0.9998476951563913]
[0.9961801065592789, 0.0]
[-0.17565343043143464, 0.9726108166408128]
]]></system-out>
  </testcase>
  <testcase name="test6552" classname="com.operations.Matrix.RegressionTest13" time="0.0">
    <system-out><![CDATA[[-0.1736481776669303, -0.984807753012208]
[0.984807753012208, -0.1736481776669303]
[10.0, 97.0]
[10.0, 97.0]
]]></system-out>
  </testcase>
  <testcase name="test6553" classname="com.operations.Matrix.RegressionTest13" time="0.0">
    <system-out><![CDATA[[10.0, 97.0]
[10.0, 97.0]
]]></system-out>
  </testcase>
  <testcase name="test6554" classname="com.operations.Matrix.RegressionTest13" time="0.0">
    <system-out><![CDATA[[0.6156614753256583, -0.788010753606722]
[0.788010753606722, 0.6156614753256583]
]]></system-out>
  </testcase>
  <testcase name="test6555" classname="com.operations.Matrix.RegressionTest13" time="0.0"/>
  <testcase name="test6556" classname="com.operations.Matrix.RegressionTest13" time="0.0"/>
  <testcase name="test6557" classname="com.operations.Matrix.RegressionTest13" time="0.0">
    <system-out><![CDATA[[10.0, 97.0]
[10.0, 97.0]
[10.0, 97.0]
[10.0, 97.0]
[10.0, 97.0]
[10.0, 97.0]
[10.0, 97.0]
[10.0, 97.0]
[10.0, 10.0]
[97.0, 97.0]
]]></system-out>
  </testcase>
  <testcase name="test6558" classname="com.operations.Matrix.RegressionTest13" time="0.0"/>
  <testcase name="test6559" classname="com.operations.Matrix.RegressionTest13" time="0.0"/>
  <testcase name="test6560" classname="com.operations.Matrix.RegressionTest13" time="0.0">
    <system-out><![CDATA[[-0.1736481776669303, -0.984807753012208]
[0.984807753012208, -0.1736481776669303]
]]></system-out>
  </testcase>
  <testcase name="test6561" classname="com.operations.Matrix.RegressionTest13" time="0.0">
    <system-out><![CDATA[[10.0, 97.0]
[10.0, 97.0]
[0.0, 0.0]
[0.0, 10.0]
]]></system-out>
  </testcase>
  <testcase name="test6562" classname="com.operations.Matrix.RegressionTest13" time="0.0"/>
  <testcase name="test6563" classname="com.operations.Matrix.RegressionTest13" time="0.0"/>
  <testcase name="test6564" classname="com.operations.Matrix.RegressionTest13" time="0.0"/>
  <testcase name="test6565" classname="com.operations.Matrix.RegressionTest13" time="0.001">
    <system-out><![CDATA[[0.0, 0.0]
[0.0, 10.0]
[0.0, 0.0]
[0.0, 10.0]
]]></system-out>
  </testcase>
  <testcase name="test6566" classname="com.operations.Matrix.RegressionTest13" time="0.0">
    <system-out><![CDATA[[10.0, 10.0]
[97.0, 97.0]
]]></system-out>
  </testcase>
  <testcase name="test6567" classname="com.operations.Matrix.RegressionTest13" time="0.0">
    <system-out><![CDATA[[10.0, 97.0]
[10.0, 97.0]
]]></system-out>
  </testcase>
  <testcase name="test6568" classname="com.operations.Matrix.RegressionTest13" time="0.0">
    <system-out><![CDATA[[-0.1736481776669303, -0.984807753012208]
[0.984807753012208, -0.1736481776669303]
[0.0, 0.0]
[0.0, 10.0]
]]></system-out>
  </testcase>
  <testcase name="test6569" classname="com.operations.Matrix.RegressionTest13" time="0.0"/>
  <testcase name="test6570" classname="com.operations.Matrix.RegressionTest13" time="0.0"/>
  <testcase name="test6571" classname="com.operations.Matrix.RegressionTest13" time="0.0">
    <system-out><![CDATA[[-0.1736481776669303, -0.984807753012208]
[0.984807753012208, -0.1736481776669303]
[-0.1736481776669303, -0.984807753012208]
[0.984807753012208, -0.1736481776669303]
]]></system-out>
  </testcase>
  <testcase name="test6572" classname="com.operations.Matrix.RegressionTest13" time="0.0">
    <system-out><![CDATA[[0.0, 0.0]
[0.0, 0.0]
[-32.0, 0.0]
[0.0, 0.0]
]]></system-out>
  </testcase>
  <testcase name="test6573" classname="com.operations.Matrix.RegressionTest13" time="0.0"/>
  <testcase name="test6574" classname="com.operations.Matrix.RegressionTest13" time="0.0"/>
  <testcase name="test6575" classname="com.operations.Matrix.RegressionTest13" time="0.0"/>
  <testcase name="test6576" classname="com.operations.Matrix.RegressionTest13" time="0.0">
    <system-out><![CDATA[[0.0, 0.0]
[0.0, 10.0]
]]></system-out>
  </testcase>
  <testcase name="test6577" classname="com.operations.Matrix.RegressionTest13" time="0.0"/>
  <testcase name="test6578" classname="com.operations.Matrix.RegressionTest13" time="0.0">
    <system-out><![CDATA[[-0.1736481776669303, -0.984807753012208]
[0.984807753012208, -0.1736481776669303]
]]></system-out>
  </testcase>
  <testcase name="test6579" classname="com.operations.Matrix.RegressionTest13" time="0.0">
    <system-out><![CDATA[[0.9998476951563913, 0.01745240643728351]
[-0.01745240643728351, 0.9998476951563913]
[0.0, 0.0]
[0.0, 10.0]
[0.0, 0.0]
[0.0, 10.0]
]]></system-out>
  </testcase>
  <testcase name="test6580" classname="com.operations.Matrix.RegressionTest13" time="0.0"/>
  <testcase name="test6581" classname="com.operations.Matrix.RegressionTest13" time="0.0">
    <system-out><![CDATA[[0.0, 0.0]
[0.0, 10.0]
[0.0, 0.0]
[0.0, 1000.0499987500625]
]]></system-out>
  </testcase>
  <testcase name="test6582" classname="com.operations.Matrix.RegressionTest13" time="0.001"/>
  <testcase name="test6583" classname="com.operations.Matrix.RegressionTest13" time="0.0"/>
  <testcase name="test6584" classname="com.operations.Matrix.RegressionTest13" time="0.0"/>
  <testcase name="test6585" classname="com.operations.Matrix.RegressionTest13" time="0.0">
    <system-out><![CDATA[[0.0, 0.0]
[0.0, 10.0]
[0.0, 0.0]
[0.0, 10.0]
]]></system-out>
  </testcase>
  <testcase name="test6586" classname="com.operations.Matrix.RegressionTest13" time="0.0"/>
  <testcase name="test6587" classname="com.operations.Matrix.RegressionTest13" time="0.0"/>
  <testcase name="test6588" classname="com.operations.Matrix.RegressionTest13" time="0.0">
    <system-out><![CDATA[[-0.1736481776669303, -0.984807753012208]
[0.984807753012208, -0.1736481776669303]
]]></system-out>
  </testcase>
  <testcase name="test6589" classname="com.operations.Matrix.RegressionTest13" time="0.0"/>
  <testcase name="test6590" classname="com.operations.Matrix.RegressionTest13" time="0.0">
    <system-out><![CDATA[[10.0, 97.0]
[10.0, 97.0]
[0.9998476951563913, -0.01745240643728351]
[0.01745240643728351, 0.9998476951563913]
[0.0, 0.0]
[0.0, 10.0]
]]></system-out>
  </testcase>
  <testcase name="test6591" classname="com.operations.Matrix.RegressionTest13" time="0.0"/>
  <testcase name="test6592" classname="com.operations.Matrix.RegressionTest13" time="0.001">
    <system-out><![CDATA[[10.0, 97.0]
[10.0, 97.0]
]]></system-out>
  </testcase>
  <testcase name="test6593" classname="com.operations.Matrix.RegressionTest13" time="0.0"/>
  <testcase name="test6594" classname="com.operations.Matrix.RegressionTest13" time="0.0"/>
</testsuite>